<?xml version="1.0" encoding="UTF-8"?>
<!-- Generated by org.testng.reporters.JUnitReportReporter -->
<testsuite hostname="LAPTOP-PHJEU9F9" failures="0" tests="1" name="org.example.DeletePlaylistPageTest" time="0.000" errors="0" timestamp="2023-05-09T20:03:30 IST" skipped="0">
  <testcase classname="org.example.DeletePlaylistPageTest" name="testDeletePlaylist" time="0.000"/>
  <system-out/>
</testsuite> <!-- org.example.DeletePlaylistPageTest -->
